android/app/build/intermediates/manifest_merge_blame_file/release/processReleaseMainManifest/manifest-merger-blame-release-report.txt
1<?xml version="1.0" encoding="utf-8"?>
2<manifest xmlns:android="http://schemas.android.com/apk/res/android"
3    package="com.oodiproxyseloom1"
4    android:versionCode="6"
5    android:versionName="2.0" >
6
7    <uses-sdk
8        android:minSdkVersion="24"
9        android:targetSdkVersion="36" />
10
11    <uses-permission android:name="android.permission.INTERNET" />
11-->src/main/AndroidManifest.xml:4:5-67
11-->src/main/AndroidManifest.xml:4:22-64
12    <uses-permission android:name="android.permission.ACCESS_NETWORK_STATE" />
12-->src/main/AndroidManifest.xml:5:5-79
12-->src/main/AndroidManifest.xml:5:22-76
13    <uses-permission android:name="android.permission.ACCESS_WIFI_STATE" />
13-->src/main/AndroidManifest.xml:6:5-76
13-->src/main/AndroidManifest.xml:6:22-73
14    <uses-permission android:name="android.permission.CHANGE_WIFI_STATE" />
14-->src/main/AndroidManifest.xml:7:5-76
14-->src/main/AndroidManifest.xml:7:22-73
15    <uses-permission android:name="android.permission.ACCESS_FINE_LOCATION" />
15-->src/main/AndroidManifest.xml:8:5-79
15-->src/main/AndroidManifest.xml:8:22-76
16    <uses-permission android:name="android.permission.NEARBY_WIFI_DEVICES" />
16-->src/main/AndroidManifest.xml:9:5-78
16-->src/main/AndroidManifest.xml:9:22-75
17    <uses-permission android:name="android.permission.FOREGROUND_SERVICE" />
17-->src/main/AndroidManifest.xml:10:5-77
17-->src/main/AndroidManifest.xml:10:22-74
18    <uses-permission android:name="android.permission.FOREGROUND_SERVICE_CONNECTED_DEVICE" />
18-->src/main/AndroidManifest.xml:11:5-94
18-->src/main/AndroidManifest.xml:11:22-91
19    <uses-permission android:name="android.permission.FOREGROUND_SERVICE_SPECIAL_USE" />
19-->src/main/AndroidManifest.xml:12:5-89
19-->src/main/AndroidManifest.xml:12:22-86
20    <uses-permission android:name="android.permission.POST_NOTIFICATIONS" />
20-->src/main/AndroidManifest.xml:13:5-77
20-->src/main/AndroidManifest.xml:13:22-74
21    <uses-permission android:name="android.permission.QUERY_ALL_PACKAGES" />
21-->src/main/AndroidManifest.xml:14:5-77
21-->src/main/AndroidManifest.xml:14:22-74
22
23    <permission
23-->[androidx.core:core:1.17.0] AndroidManifest.xml:22:5-24:47
24        android:name="com.oodiproxyseloom1.DYNAMIC_RECEIVER_NOT_EXPORTED_PERMISSION"
24-->[androidx.core:core:1.17.0] AndroidManifest.xml:23:9-81
25        android:protectionLevel="signature" />
25-->[androidx.core:core:1.17.0] AndroidManifest.xml:24:9-44
26
27    <uses-permission android:name="com.oodiproxyseloom1.DYNAMIC_RECEIVER_NOT_EXPORTED_PERMISSION" />
27-->[androidx.core:core:1.17.0] AndroidManifest.xml:26:5-97
27-->[androidx.core:core:1.17.0] AndroidManifest.xml:26:22-94
28
29    <application
29-->src/main/AndroidManifest.xml:16:5-67:19
30        android:allowBackup="true"
30-->src/main/AndroidManifest.xml:17:9-35
31        android:appComponentFactory="androidx.core.app.CoreComponentFactory"
31-->[androidx.core:core:1.17.0] AndroidManifest.xml:28:18-86
32        android:extractNativeLibs="false"
33        android:icon="@mipmap/ic_launcher"
33-->src/main/AndroidManifest.xml:18:9-43
34        android:label="@string/app_name"
34-->src/main/AndroidManifest.xml:19:9-41
35        android:roundIcon="@mipmap/ic_launcher_round"
35-->src/main/AndroidManifest.xml:20:9-54
36        android:supportsRtl="true"
36-->src/main/AndroidManifest.xml:21:9-35
37        android:theme="@style/AppTheme" >
37-->src/main/AndroidManifest.xml:22:9-40
38        <activity
38-->src/main/AndroidManifest.xml:24:9-37:20
39            android:name="com.seloomwarp.vpn.MainActivity"
39-->src/main/AndroidManifest.xml:26:13-41
40            android:configChanges="orientation|keyboardHidden|keyboard|screenSize|locale|smallestScreenSize|screenLayout|uiMode|navigation|density"
40-->src/main/AndroidManifest.xml:25:13-148
41            android:exported="true"
41-->src/main/AndroidManifest.xml:30:13-36
42            android:label="@string/title_activity_main"
42-->src/main/AndroidManifest.xml:27:13-56
43            android:launchMode="singleTask"
43-->src/main/AndroidManifest.xml:29:13-44
44            android:theme="@style/AppTheme.NoActionBarLaunch" >
44-->src/main/AndroidManifest.xml:28:13-62
45            <intent-filter>
45-->src/main/AndroidManifest.xml:32:13-35:29
46                <action android:name="android.intent.action.MAIN" />
46-->src/main/AndroidManifest.xml:33:17-69
46-->src/main/AndroidManifest.xml:33:25-66
47
48                <category android:name="android.intent.category.LAUNCHER" />
48-->src/main/AndroidManifest.xml:34:17-77
48-->src/main/AndroidManifest.xml:34:27-74
49            </intent-filter>
50        </activity>
51
52        <provider
53            android:name="androidx.core.content.FileProvider"
53-->src/main/AndroidManifest.xml:40:13-62
54            android:authorities="com.oodiproxyseloom1.fileprovider"
54-->src/main/AndroidManifest.xml:41:13-64
55            android:exported="false"
55-->src/main/AndroidManifest.xml:42:13-37
56            android:grantUriPermissions="true" >
56-->src/main/AndroidManifest.xml:43:13-47
57            <meta-data
57-->src/main/AndroidManifest.xml:44:13-46:64
58                android:name="android.support.FILE_PROVIDER_PATHS"
58-->src/main/AndroidManifest.xml:45:17-67
59                android:resource="@xml/file_paths" />
59-->src/main/AndroidManifest.xml:46:17-51
60        </provider>
61
62        <!--
63             The app-owned service is the only entry point. The WireGuard tunnel
64             library contributes its internal service through its own manifest.
65        -->
66        <service
66-->src/main/AndroidManifest.xml:51:9-62:19
67            android:name="com.seloomwarp.vpn.SeloomVpnService"
67-->src/main/AndroidManifest.xml:52:13-45
68            android:exported="false"
68-->src/main/AndroidManifest.xml:55:13-37
69            android:foregroundServiceType="specialUse"
69-->src/main/AndroidManifest.xml:54:13-55
70            android:permission="android.permission.BIND_VPN_SERVICE" >
70-->src/main/AndroidManifest.xml:53:13-69
71            <property
71-->src/main/AndroidManifest.xml:56:13-58:46
72                android:name="android.app.PROPERTY_SPECIAL_USE_FGS_SUBTYPE"
72-->src/main/AndroidManifest.xml:57:17-76
73                android:value="vpn_tunnel" />
73-->src/main/AndroidManifest.xml:58:17-43
74
75            <intent-filter>
75-->src/main/AndroidManifest.xml:59:13-61:29
76                <action android:name="android.net.VpnService" />
76-->src/main/AndroidManifest.xml:60:17-64
76-->src/main/AndroidManifest.xml:60:25-62
77            </intent-filter>
78        </service>
79        <service
79-->src/main/AndroidManifest.xml:63:9-66:63
80            android:name="com.seloomwarp.vpn.NetShareService"
80-->src/main/AndroidManifest.xml:64:13-44
81            android:exported="false"
81-->src/main/AndroidManifest.xml:65:13-37
82            android:foregroundServiceType="connectedDevice" />
82-->src/main/AndroidManifest.xml:66:13-60
83        <service
83-->[com.wireguard.android:tunnel:1.0.20260102] AndroidManifest.xml:12:9-19:19
84            android:name="com.wireguard.android.backend.GoBackend$VpnService"
84-->[com.wireguard.android:tunnel:1.0.20260102] AndroidManifest.xml:13:13-78
85            android:exported="false"
85-->[com.wireguard.android:tunnel:1.0.20260102] AndroidManifest.xml:14:13-37
86            android:permission="android.permission.BIND_VPN_SERVICE" >
86-->[com.wireguard.android:tunnel:1.0.20260102] AndroidManifest.xml:15:13-69
87            <intent-filter>
87-->src/main/AndroidManifest.xml:59:13-61:29
88                <action android:name="android.net.VpnService" />
88-->src/main/AndroidManifest.xml:60:17-64
88-->src/main/AndroidManifest.xml:60:25-62
89            </intent-filter>
90        </service>
91
92        <provider
92-->[androidx.emoji2:emoji2:1.3.0] AndroidManifest.xml:24:9-32:20
93            android:name="androidx.startup.InitializationProvider"
93-->[androidx.emoji2:emoji2:1.3.0] AndroidManifest.xml:25:13-67
94            android:authorities="com.oodiproxyseloom1.androidx-startup"
94-->[androidx.emoji2:emoji2:1.3.0] AndroidManifest.xml:26:13-68
95            android:exported="false" >
95-->[androidx.emoji2:emoji2:1.3.0] AndroidManifest.xml:27:13-37
96            <meta-data
96-->[androidx.emoji2:emoji2:1.3.0] AndroidManifest.xml:29:13-31:52
97                android:name="androidx.emoji2.text.EmojiCompatInitializer"
97-->[androidx.emoji2:emoji2:1.3.0] AndroidManifest.xml:30:17-75
98                android:value="androidx.startup" />
98-->[androidx.emoji2:emoji2:1.3.0] AndroidManifest.xml:31:17-49
99            <meta-data
99-->[androidx.lifecycle:lifecycle-process:2.6.2] AndroidManifest.xml:29:13-31:52
100                android:name="androidx.lifecycle.ProcessLifecycleInitializer"
100-->[androidx.lifecycle:lifecycle-process:2.6.2] AndroidManifest.xml:30:17-78
101                android:value="androidx.startup" />
101-->[androidx.lifecycle:lifecycle-process:2.6.2] AndroidManifest.xml:31:17-49
102            <meta-data
102-->[androidx.profileinstaller:profileinstaller:1.4.0] AndroidManifest.xml:29:13-31:52
103                android:name="androidx.profileinstaller.ProfileInstallerInitializer"
103-->[androidx.profileinstaller:profileinstaller:1.4.0] AndroidManifest.xml:30:17-85
104                android:value="androidx.startup" />
104-->[androidx.profileinstaller:profileinstaller:1.4.0] AndroidManifest.xml:31:17-49
105        </provider>
106
107        <receiver
107-->[androidx.profileinstaller:profileinstaller:1.4.0] AndroidManifest.xml:34:9-52:20
108            android:name="androidx.profileinstaller.ProfileInstallReceiver"
108-->[androidx.profileinstaller:profileinstaller:1.4.0] AndroidManifest.xml:35:13-76
109            android:directBootAware="false"
109-->[androidx.profileinstaller:profileinstaller:1.4.0] AndroidManifest.xml:36:13-44
110            android:enabled="true"
110-->[androidx.profileinstaller:profileinstaller:1.4.0] AndroidManifest.xml:37:13-35
111            android:exported="true"
111-->[androidx.profileinstaller:profileinstaller:1.4.0] AndroidManifest.xml:38:13-36
112            android:permission="android.permission.DUMP" >
112-->[androidx.profileinstaller:profileinstaller:1.4.0] AndroidManifest.xml:39:13-57
113            <intent-filter>
113-->[androidx.profileinstaller:profileinstaller:1.4.0] AndroidManifest.xml:40:13-42:29
114                <action android:name="androidx.profileinstaller.action.INSTALL_PROFILE" />
114-->[androidx.profileinstaller:profileinstaller:1.4.0] AndroidManifest.xml:41:17-91
114-->[androidx.profileinstaller:profileinstaller:1.4.0] AndroidManifest.xml:41:25-88
115            </intent-filter>
116            <intent-filter>
116-->[androidx.profileinstaller:profileinstaller:1.4.0] AndroidManifest.xml:43:13-45:29
117                <action android:name="androidx.profileinstaller.action.SKIP_FILE" />
117-->[androidx.profileinstaller:profileinstaller:1.4.0] AndroidManifest.xml:44:17-85
117-->[androidx.profileinstaller:profileinstaller:1.4.0] AndroidManifest.xml:44:25-82
118            </intent-filter>
119            <intent-filter>
119-->[androidx.profileinstaller:profileinstaller:1.4.0] AndroidManifest.xml:46:13-48:29
120                <action android:name="androidx.profileinstaller.action.SAVE_PROFILE" />
120-->[androidx.profileinstaller:profileinstaller:1.4.0] AndroidManifest.xml:47:17-88
120-->[androidx.profileinstaller:profileinstaller:1.4.0] AndroidManifest.xml:47:25-85
121            </intent-filter>
122            <intent-filter>
122-->[androidx.profileinstaller:profileinstaller:1.4.0] AndroidManifest.xml:49:13-51:29
123                <action android:name="androidx.profileinstaller.action.BENCHMARK_OPERATION" />
123-->[androidx.profileinstaller:profileinstaller:1.4.0] AndroidManifest.xml:50:17-95
123-->[androidx.profileinstaller:profileinstaller:1.4.0] AndroidManifest.xml:50:25-92
124            </intent-filter>
125        </receiver>
126    </application>
127
128</manifest>